<?xml version="1.0" encoding="UTF-8"?>
<!-- Generated by org.testng.reporters.JUnitReportReporter -->
<testsuite hostname="Pavan" failures="0" tests="5" name="testcases.BrowseNavigationTest" time="42.538" errors="0" timestamp="2025-09-08T16:22:31 IST" skipped="0">
  <testcase classname="testcases.BrowseNavigationTest" name="testNavigateComputers_Notebooks" time="9.553"/>
  <testcase classname="testcases.BrowseNavigationTest" name="testNavigateElectronics_CellPhones" time="3.384"/>
  <testcase classname="testcases.BrowseNavigationTest" name="testNavigateApparel_Shoes" time="3.021"/>
  <testcase classname="testcases.BrowseNavigationTest" name="testProductImageRedirection" time="13.502"/>
  <testcase classname="testcases.BrowseNavigationTest" name="testProductTitleRedirection" time="13.078"/>
</testsuite> <!-- testcases.BrowseNavigationTest -->
