<?xml version="1.0" encoding="UTF-8"?>
<!-- Generated by org.testng.reporters.JUnitReportReporter -->
<testsuite hostname="Pavan" failures="0" tests="5" name="testcases.SearchFilterTest" time="17.053" errors="0" timestamp="2025-09-08T16:29:24 IST" skipped="0">
  <testcase classname="testcases.SearchFilterTest" name="testSearchMacBook" time="2.628"/>
  <testcase classname="testcases.SearchFilterTest" name="testSearchHTC" time="5.014"/>
  <testcase classname="testcases.SearchFilterTest" name="testSearchGiftCard" time="2.541"/>
  <testcase classname="testcases.SearchFilterTest" name="testSortByPriceLowToHigh" time="2.834"/>
  <testcase classname="testcases.SearchFilterTest" name="testSortByPriceHighToLow" time="4.036"/>
</testsuite> <!-- testcases.SearchFilterTest -->
