<?xml version="1.0" encoding="UTF-8"?>
<!-- Generated by org.testng.reporters.JUnitReportReporter -->
<testsuite hostname="Pavan" failures="0" tests="1" name="testcases.LogoutTest" time="12.457" errors="0" timestamp="2025-09-08T19:36:57 IST" skipped="0">
  <testcase classname="testcases.LogoutTest" name="testLogout" time="12.457"/>
</testsuite> <!-- testcases.LogoutTest -->
