<?xml version="1.0" encoding="UTF-8"?>
<!-- Generated by org.testng.reporters.JUnitReportReporter -->
<testsuite hostname="Pavan" failures="0" tests="1" name="testcases.LoginTest" time="69.233" errors="0" timestamp="2025-09-08T19:36:57 IST" skipped="0">
  <testcase classname="testcases.LoginTest" name="testValidLogin" time="69.233"/>
</testsuite> <!-- testcases.LoginTest -->
