<?xml version="1.0" encoding="UTF-8"?>
<!-- Generated by org.testng.reporters.JUnitReportReporter -->
<testsuite hostname="Pavan" failures="0" tests="5" name="testcases.BrowseNavigationTest" time="88.098" errors="0" timestamp="2025-09-08T19:36:57 IST" skipped="0">
  <testcase classname="testcases.BrowseNavigationTest" name="testNavigateComputers_Notebooks" time="11.998"/>
  <testcase classname="testcases.BrowseNavigationTest" name="testNavigateElectronics_CellPhones" time="17.161"/>
  <testcase classname="testcases.BrowseNavigationTest" name="testNavigateApparel_Shoes" time="13.973"/>
  <testcase classname="testcases.BrowseNavigationTest" name="testProductImageRedirection" time="37.124"/>
  <testcase classname="testcases.BrowseNavigationTest" name="testProductTitleRedirection" time="7.842"/>
</testsuite> <!-- testcases.BrowseNavigationTest -->
