<?xml version="1.0" encoding="UTF-8"?>
<!-- Generated by org.testng.reporters.JUnitReportReporter -->
<testsuite hostname="Pavan" failures="0" tests="3" name="testcases.RegisterTest" time="31.685" errors="0" timestamp="2025-09-08T19:36:57 IST" skipped="0">
  <testcase classname="testcases.RegisterTest" name="testUserRegistration" time="9.418"/>
  <testcase classname="testcases.RegisterTest" name="testUserRegistration" time="13.872"/>
  <testcase classname="testcases.RegisterTest" name="testUserRegistration" time="8.395"/>
</testsuite> <!-- testcases.RegisterTest -->
